
[2025-05-01 15:35:11] docs: clarify README section: improve (May 1) #1
[2025-05-02 09:55:23] ci: tweak workflow settings: clarify (May 2) #1
[2025-05-02 20:39:46] chore: small progress update: cleanup (May 2) #2
[2025-05-05 13:32:33] fix: resolve edge-case bug: follow-up (May 5) #1
[2025-05-05 17:26:08] style: code formatting and comments: follow-up (May 5) #2
[2025-05-05 16:24:07] test: add a focused unit test: clarify (May 5) #3
[2025-05-07 19:05:33] feat: add/adjust core flow: cleanup (May 7) #1
[2025-05-07 13:30:33] chore: small progress update: clarify (May 7) #2
[2025-05-09 10:36:44] ci: tweak workflow settings: cleanup (May 9) #1
[2025-05-10 22:46:16] docs: clarify README section: cleanup (May 10) #1
[2025-05-10 21:31:43] chore: small progress update: minor tweak (May 10) #2
[2025-05-11 13:38:07] test: add a focused unit test: adjustment (May 11) #1
[2025-05-11 20:54:37] chore: small progress update: adjustment (May 11) #2
[2025-05-12 21:22:17] test: add a focused unit test: adjustment (May 12) #1
[2025-05-12 21:01:55] test: add a focused unit test: clarify (May 12) #2
[2025-05-12 14:55:07] refactor: tidy up function: minor tweak (May 12) #3
[2025-05-14 17:41:09] refactor: tidy up function: follow-up (May 14) #1
[2025-05-14 20:40:02] feat: add/adjust core flow: improve (May 14) #2
[2025-05-17 21:55:41] chore: small progress update: clarify (May 17) #1
[2025-05-18 11:27:52] chore: small progress update: improve (May 18) #1
[2025-05-18 11:23:06] feat: add/adjust core flow: improve (May 18) #2
[2025-05-19 21:11:34] chore: small progress update: minor tweak (May 19) #1
